<?xml version="1.0" encoding="UTF-8"?>
<!-- Generated by org.testng.reporters.JUnitXMLReporter -->
<testsuite ignored="2" hostname="Alexanders-MacBook-Pro.local" failures="0" tests="1" name="Command line test" time="4.732" errors="0" timestamp="2020-10-12T16:18:12 CST">
  <testcase classname="Tests.LoginTest" name="doLogin" time="2.651"/>
  <testcase classname="Tests.baseTest" name="@BeforeTest setUpTest" time="0.0">
    <ignored/>
  </testcase> <!-- @BeforeTest setUpTest -->
  <testcase classname="Tests.baseTest" name="@AfterTest tearDown" time="0.0">
    <ignored/>
  </testcase> <!-- @AfterTest tearDown -->
</testsuite> <!-- Command line test -->
