-------------------------------------------------------------------------------
Test set: TestSuite
-------------------------------------------------------------------------------
Tests run: 4, Failures: 1, Errors: 0, Skipped: 0, Time elapsed: 34.045 s <<< FAILURE! - in TestSuite
doNotAllowUsersToLogin(Tests.LoginTest)  Time elapsed: 8.161 s  <<< FAILURE!
java.lang.AssertionError: expected [false] but found [true]
	at Tests.LoginTest.doNotAllowUsersToLogin(LoginTest.java:65)

