<?xml version="1.0" encoding="UTF-8"?>
<testng-results ignored="2" total="3" passed="1" failed="0" skipped="0">
  <reporter-output>
  </reporter-output>
  <suite started-at="2020-10-12T16:18:02 CST" name="Command line suite" finished-at="2020-10-12T16:18:07 CST" duration-ms="4732">
    <groups>
    </groups>
    <test started-at="2020-10-12T16:18:02 CST" name="Command line test" finished-at="2020-10-12T16:18:07 CST" duration-ms="4732">
      <class name="Tests.LoginTest">
        <test-method is-config="true" signature="setUpTest()[pri:0, instance:Tests.LoginTest@e720b71]" started-at="2020-10-12T16:18:02 CST" name="setUpTest" finished-at="2020-10-12T16:18:04 CST" duration-ms="1973" status="PASS">
          <reporter-output>
          </reporter-output>
        </test-method> <!-- setUpTest -->
        <test-method signature="doLogin()[pri:0, instance:Tests.LoginTest@e720b71]" started-at="2020-10-12T16:18:04 CST" name="doLogin" finished-at="2020-10-12T16:18:07 CST" duration-ms="2651" status="PASS">
          <reporter-output>
          </reporter-output>
        </test-method> <!-- doLogin -->
        <test-method is-config="true" signature="tearDown()[pri:0, instance:Tests.LoginTest@e720b71]" started-at="2020-10-12T16:18:07 CST" name="tearDown" finished-at="2020-10-12T16:18:07 CST" duration-ms="79" status="PASS">
          <reporter-output>
          </reporter-output>
        </test-method> <!-- tearDown -->
      </class> <!-- Tests.LoginTest -->
    </test> <!-- Command line test -->
  </suite> <!-- Command line suite -->
</testng-results>
