<?xml version="1.0" encoding="UTF-8"?>
<testsuite xmlns:xsi="http://www.w3.org/2001/XMLSchema-instance" xsi:noNamespaceSchemaLocation="https://maven.apache.org/surefire/maven-surefire-plugin/xsd/surefire-test-report.xsd" name="TestSuite" time="34.045" tests="4" errors="0" skipped="0" failures="1">
  <properties>
[...]
</properties>
  <testcase name="doLogin" classname="Tests.LoginTest" time="7.777"/>
  <testcase name="doLogin" classname="Tests.LoginTest" time="2.451"/>
  <testcase name="doNotAllowUsersToLogin" classname="Tests.LoginTest" time="8.161">
    <failure message="expected [false] but found [true]" type="java.lang.AssertionError">java.lang.AssertionError: expected [false] but found [true]
	at Tests.LoginTest.doNotAllowUsersToLogin(LoginTest.java:65)
</failure>
    <system-err><![CDATA[Starting ChromeDriver 86.0.4240.22 (398b0743353ff36fb1b82468f63a3a93b4e2e89e-refs/branch-heads/4240@{#378}) on port 35304
Only local connections are allowed.
Please see https://chromedriver.chromium.org/security-considerations for suggestions on keeping ChromeDriver safe.
ChromeDriver was started successfully.
oct. 22, 2020 3:57:35 P.?M. org.openqa.selenium.remote.ProtocolHandshake createSession
INFORMACI?N: Detected dialect: W3C
]]></system-err>
  </testcase>
  <testcase name="addItemToCartAsAnonymous" classname="Tests.CartTest" time="3.213"/>
</testsuite>